# JRE version: Java(TM) SE Runtime Environment (14.0.2+12) (build 14.0.2+12-46)
# Java VM: Java HotSpot(TM) 64-Bit Server VM (14.0.2+12-46, mixed mode, sharing, tiered, compressed oops, g1 gc, windows-amd64)
Heap:
 garbage-first heap   total 43008K, used 18752K [0x00000000c1c00000, 0x0000000100000000)
  region size 1024K, 1 young (1024K), 1 survivors (1024K)
 Metaspace       used 9284K, capacity 11647K, committed 11904K, reserved 1060864K
  class space    used 1078K, capacity 1360K, committed 1408K, reserved 1048576K
GC Heap History (20 events):
Event: 2.161 GC heap after
{Heap after GC invocations=16 (full 0):
 garbage-first heap   total 15360K, used 8265K [0x00000000c1c00000, 0x0000000100000000)
  region size 1024K, 1 young (1024K), 1 survivors (1024K)
 Metaspace       used 8536K, capacity 11296K, committed 11648K, reserved 1058816K
  class space    used 994K, capacity 1307K, committed 1408K, reserved 1048576K
}
Event: 2.219 GC heap before
{Heap before GC invocations=17 (full 0):
 garbage-first heap   total 17408K, used 9289K [0x00000000c1c00000, 0x0000000100000000)
  region size 1024K, 2 young (2048K), 1 survivors (1024K)
 Metaspace       used 8809K, capacity 11498K, committed 11648K, reserved 1058816K
  class space    used 1033K, capacity 1353K, committed 1408K, reserved 1048576K
}
Event: 2.222 GC heap after
{Heap after GC invocations=18 (full 0):
 garbage-first heap   total 17408K, used 8652K [0x00000000c1c00000, 0x0000000100000000)
  region size 1024K, 1 young (1024K), 1 survivors (1024K)
 Metaspace       used 8809K, capacity 11498K, committed 11648K, reserved 1058816K
  class space    used 1033K, capacity 1353K, committed 1408K, reserved 1048576K
}
Event: 2.471 GC heap before
{Heap before GC invocations=18 (full 0):
 garbage-first heap   total 17408K, used 10700K [0x00000000c1c00000, 0x0000000100000000)
  region size 1024K, 3 young (3072K), 1 survivors (1024K)
 Metaspace       used 9182K, capacity 11633K, committed 11904K, reserved 1060864K
  class space    used 1072K, capacity 1355K, committed 1408K, reserved 1048576K
}
Event: 2.475 GC heap after
{Heap after GC invocations=19 (full 0):
 garbage-first heap   total 21504K, used 9447K [0x00000000c1c00000, 0x0000000100000000)
  region size 1024K, 1 young (1024K), 1 survivors (1024K)
 Metaspace       used 9182K, capacity 11633K, committed 11904K, reserved 1060864K
  class space    used 1072K, capacity 1355K, committed 1408K, reserved 1048576K
}
Event: 2.528 GC heap before
{Heap before GC invocations=20 (full 0):
 garbage-first heap   total 22528K, used 11495K [0x00000000c1c00000, 0x0000000100000000)
  region size 1024K, 4 young (4096K), 1 survivors (1024K)
 Metaspace       used 9199K, capacity 11633K, committed 11904K, reserved 1060864K
  class space    used 1072K, capacity 1355K, committed 1408K, reserved 1048576K
}
Event: 2.531 GC heap after
{Heap after GC invocations=21 (full 0):
 garbage-first heap   total 22528K, used 9954K [0x00000000c1c00000, 0x0000000100000000)
  region size 1024K, 1 young (1024K), 1 survivors (1024K)
 Metaspace       used 9199K, capacity 11633K, committed 11904K, reserved 1060864K
  class space    used 1072K, capacity 1355K, committed 1408K, reserved 1048576K
}
Event: 2.687 GC heap before
{Heap before GC invocations=21 (full 0):
 garbage-first heap   total 22528K, used 13026K [0x00000000c1c00000, 0x0000000100000000)
  region size 1024K, 4 young (4096K), 1 survivors (1024K)
 Metaspace       used 9222K, capacity 11633K, committed 11904K, reserved 1060864K
  class space    used 1072K, capacity 1355K, committed 1408K, reserved 1048576K
}
Event: 2.689 GC heap after
{Heap after GC invocations=22 (full 0):
 garbage-first heap   total 22528K, used 10908K [0x00000000c1c00000, 0x0000000100000000)
  region size 1024K, 1 young (1024K), 1 survivors (1024K)
 Metaspace       used 9222K, capacity 11633K, committed 11904K, reserved 1060864K
  class space    used 1072K, capacity 1355K, committed 1408K, reserved 1048576K
}
Event: 2.774 GC heap before
{Heap before GC invocations=23 (full 0):
 garbage-first heap   total 22528K, used 13980K [0x00000000c1c00000, 0x0000000100000000)
  region size 1024K, 4 young (4096K), 1 survivors (1024K)
 Metaspace       used 9240K, capacity 11633K, committed 11904K, reserved 1060864K
  class space    used 1073K, capacity 1355K, committed 1408K, reserved 1048576K
}
Event: 2.777 GC heap after
{Heap after GC invocations=24 (full 0):
 garbage-first heap   total 22528K, used 12160K [0x00000000c1c00000, 0x0000000100000000)
  region size 1024K, 1 young (1024K), 1 survivors (1024K)
 Metaspace       used 9240K, capacity 11633K, committed 11904K, reserved 1060864K
  class space    used 1073K, capacity 1355K, committed 1408K, reserved 1048576K
}
Event: 2.866 GC heap before
{Heap before GC invocations=24 (full 0):
 garbage-first heap   total 22528K, used 14208K [0x00000000c1c00000, 0x0000000100000000)
  region size 1024K, 4 young (4096K), 1 survivors (1024K)
 Metaspace       used 9241K, capacity 11633K, committed 11904K, reserved 1060864K
  class space    used 1073K, capacity 1355K, committed 1408K, reserved 1048576K
}
Event: 2.868 GC heap after
{Heap after GC invocations=25 (full 0):
 garbage-first heap   total 27648K, used 12726K [0x00000000c1c00000, 0x0000000100000000)
  region size 1024K, 1 young (1024K), 1 survivors (1024K)
 Metaspace       used 9241K, capacity 11633K, committed 11904K, reserved 1060864K
  class space    used 1073K, capacity 1355K, committed 1408K, reserved 1048576K
}
Event: 3.087 GC heap before
{Heap before GC invocations=26 (full 0):
 garbage-first heap   total 27648K, used 18870K [0x00000000c1c00000, 0x0000000100000000)
  region size 1024K, 7 young (7168K), 1 survivors (1024K)
 Metaspace       used 9281K, capacity 11647K, committed 11904K, reserved 1060864K
  class space    used 1078K, capacity 1360K, committed 1408K, reserved 1048576K
}
Event: 3.089 GC heap after
{Heap after GC invocations=27 (full 0):
 garbage-first heap   total 27648K, used 14578K [0x00000000c1c00000, 0x0000000100000000)
  region size 1024K, 1 young (1024K), 1 survivors (1024K)
 Metaspace       used 9281K, capacity 11647K, committed 11904K, reserved 1060864K
  class space    used 1078K, capacity 1360K, committed 1408K, reserved 1048576K
}
Event: 3.512 GC heap before
{Heap before GC invocations=27 (full 0):
 garbage-first heap   total 27648K, used 18674K [0x00000000c1c00000, 0x0000000100000000)
  region size 1024K, 5 young (5120K), 1 survivors (1024K)
 Metaspace       used 9284K, capacity 11647K, committed 11904K, reserved 1060864K
  class space    used 1078K, capacity 1360K, committed 1408K, reserved 1048576K
}
Event: 3.515 GC heap after
{Heap after GC invocations=28 (full 0):
 garbage-first heap   total 27648K, used 16047K [0x00000000c1c00000, 0x0000000100000000)
  region size 1024K, 1 young (1024K), 1 survivors (1024K)
 Metaspace       used 9284K, capacity 11647K, committed 11904K, reserved 1060864K
  class space    used 1078K, capacity 1360K, committed 1408K, reserved 1048576K
}
Event: 3.560 GC heap before
{Heap before GC invocations=29 (full 0):
 garbage-first heap   total 29696K, used 16047K [0x00000000c1c00000, 0x0000000100000000)
  region size 1024K, 2 young (2048K), 1 survivors (1024K)
 Metaspace       used 9284K, capacity 11647K, committed 11904K, reserved 1060864K
  class space    used 1078K, capacity 1360K, committed 1408K, reserved 1048576K
}
Event: 3.562 GC heap after
{Heap after GC invocations=30 (full 0):
 garbage-first heap   total 29696K, used 16329K [0x00000000c1c00000, 0x0000000100000000)
  region size 1024K, 1 young (1024K), 1 survivors (1024K)
 Metaspace       used 9284K, capacity 11647K, committed 11904K, reserved 1060864K
  class space    used 1078K, capacity 1360K, committed 1408K, reserved 1048576K
}
Event: 3.589 GC heap before
{Heap before GC invocations=30 (full 0):
 garbage-first heap   total 35840K, used 21449K [0x00000000c1c00000, 0x0000000100000000)
  region size 1024K, 5 young (5120K), 1 survivors (1024K)
 Metaspace       used 9284K, capacity 11647K, committed 11904K, reserved 1060864K
  class space    used 1078K, capacity 1360K, committed 1408K, reserved 1048576K
}

