# JRE version: Java(TM) SE Runtime Environment (14.0.2+12) (build 14.0.2+12-46)
# Java VM: Java HotSpot(TM) 64-Bit Server VM (14.0.2+12-46, mixed mode, sharing, tiered, compressed oops, g1 gc, windows-amd64)
Heap:
 garbage-first heap   total 29696K, used 13827K [0x00000000c1c00000, 0x0000000100000000)
  region size 1024K, 1 young (1024K), 1 survivors (1024K)
 Metaspace       used 9244K, capacity 11633K, committed 11904K, reserved 1060864K
  class space    used 1073K, capacity 1355K, committed 1408K, reserved 1048576K
GC Heap History (20 events):
Event: 1.455 GC heap after
{Heap after GC invocations=14 (full 0):
 garbage-first heap   total 14336K, used 7367K [0x00000000c1c00000, 0x0000000100000000)
  region size 1024K, 1 young (1024K), 1 survivors (1024K)
 Metaspace       used 8001K, capacity 10933K, committed 11008K, reserved 1058816K
  class space    used 948K, capacity 1249K, committed 1280K, reserved 1048576K
}
Event: 1.538 GC heap before
{Heap before GC invocations=14 (full 0):
 garbage-first heap   total 14336K, used 8391K [0x00000000c1c00000, 0x0000000100000000)
  region size 1024K, 2 young (2048K), 1 survivors (1024K)
 Metaspace       used 8318K, capacity 11152K, committed 11264K, reserved 1058816K
  class space    used 971K, capacity 1258K, committed 1280K, reserved 1048576K
}
Event: 1.540 GC heap after
{Heap after GC invocations=15 (full 0):
 garbage-first heap   total 17408K, used 7592K [0x00000000c1c00000, 0x0000000100000000)
  region size 1024K, 1 young (1024K), 1 survivors (1024K)
 Metaspace       used 8318K, capacity 11152K, committed 11264K, reserved 1058816K
  class space    used 971K, capacity 1258K, committed 1280K, reserved 1048576K
}
Event: 1.616 GC heap before
{Heap before GC invocations=16 (full 0):
 garbage-first heap   total 17408K, used 8616K [0x00000000c1c00000, 0x0000000100000000)
  region size 1024K, 2 young (2048K), 1 survivors (1024K)
 Metaspace       used 8534K, capacity 11296K, committed 11648K, reserved 1058816K
  class space    used 995K, capacity 1307K, committed 1408K, reserved 1048576K
}
Event: 1.619 GC heap after
{Heap after GC invocations=17 (full 0):
 garbage-first heap   total 17408K, used 8057K [0x00000000c1c00000, 0x0000000100000000)
  region size 1024K, 1 young (1024K), 1 survivors (1024K)
 Metaspace       used 8534K, capacity 11296K, committed 11648K, reserved 1058816K
  class space    used 995K, capacity 1307K, committed 1408K, reserved 1048576K
}
Event: 1.882 GC heap before
{Heap before GC invocations=17 (full 0):
 garbage-first heap   total 17408K, used 10105K [0x00000000c1c00000, 0x0000000100000000)
  region size 1024K, 3 young (3072K), 1 survivors (1024K)
 Metaspace       used 9125K, capacity 11633K, committed 11904K, reserved 1060864K
  class space    used 1072K, capacity 1355K, committed 1408K, reserved 1048576K
}
Event: 1.886 GC heap after
{Heap after GC invocations=18 (full 0):
 garbage-first heap   total 17408K, used 9039K [0x00000000c1c00000, 0x0000000100000000)
  region size 1024K, 1 young (1024K), 1 survivors (1024K)
 Metaspace       used 9125K, capacity 11633K, committed 11904K, reserved 1060864K
  class space    used 1072K, capacity 1355K, committed 1408K, reserved 1048576K
}
Event: 2.089 GC heap before
{Heap before GC invocations=19 (full 0):
 garbage-first heap   total 17408K, used 10063K [0x00000000c1c00000, 0x0000000100000000)
  region size 1024K, 3 young (3072K), 1 survivors (1024K)
 Metaspace       used 9191K, capacity 11633K, committed 11904K, reserved 1060864K
  class space    used 1073K, capacity 1355K, committed 1408K, reserved 1048576K
}
Event: 2.092 GC heap after
{Heap after GC invocations=20 (full 0):
 garbage-first heap   total 17408K, used 9475K [0x00000000c1c00000, 0x0000000100000000)
  region size 1024K, 1 young (1024K), 1 survivors (1024K)
 Metaspace       used 9191K, capacity 11633K, committed 11904K, reserved 1060864K
  class space    used 1073K, capacity 1355K, committed 1408K, reserved 1048576K
}
Event: 2.095 GC heap before
{Heap before GC invocations=20 (full 0):
 garbage-first heap   total 17408K, used 10499K [0x00000000c1c00000, 0x0000000100000000)
  region size 1024K, 2 young (2048K), 1 survivors (1024K)
 Metaspace       used 9191K, capacity 11633K, committed 11904K, reserved 1060864K
  class space    used 1073K, capacity 1355K, committed 1408K, reserved 1048576K
}
Event: 2.096 GC heap after
{Heap after GC invocations=21 (full 0):
 garbage-first heap   total 21504K, used 9449K [0x00000000c1c00000, 0x0000000100000000)
  region size 1024K, 1 young (1024K), 1 survivors (1024K)
 Metaspace       used 9191K, capacity 11633K, committed 11904K, reserved 1060864K
  class space    used 1073K, capacity 1355K, committed 1408K, reserved 1048576K
}
Event: 2.234 GC heap before
{Heap before GC invocations=22 (full 0):
 garbage-first heap   total 21504K, used 12521K [0x00000000c1c00000, 0x0000000100000000)
  region size 1024K, 4 young (4096K), 1 survivors (1024K)
 Metaspace       used 9227K, capacity 11633K, committed 11904K, reserved 1060864K
  class space    used 1073K, capacity 1355K, committed 1408K, reserved 1048576K
}
Event: 2.236 GC heap after
{Heap after GC invocations=23 (full 0):
 garbage-first heap   total 21504K, used 10237K [0x00000000c1c00000, 0x0000000100000000)
  region size 1024K, 1 young (1024K), 1 survivors (1024K)
 Metaspace       used 9227K, capacity 11633K, committed 11904K, reserved 1060864K
  class space    used 1073K, capacity 1355K, committed 1408K, reserved 1048576K
}
Event: 2.368 GC heap before
{Heap before GC invocations=23 (full 0):
 garbage-first heap   total 21504K, used 14333K [0x00000000c1c00000, 0x0000000100000000)
  region size 1024K, 5 young (5120K), 1 survivors (1024K)
 Metaspace       used 9240K, capacity 11633K, committed 11904K, reserved 1060864K
  class space    used 1073K, capacity 1355K, committed 1408K, reserved 1048576K
}
Event: 2.371 GC heap after
{Heap after GC invocations=24 (full 0):
 garbage-first heap   total 21504K, used 11896K [0x00000000c1c00000, 0x0000000100000000)
  region size 1024K, 1 young (1024K), 1 survivors (1024K)
 Metaspace       used 9240K, capacity 11633K, committed 11904K, reserved 1060864K
  class space    used 1073K, capacity 1355K, committed 1408K, reserved 1048576K
}
Event: 2.638 GC heap before
{Heap before GC invocations=24 (full 0):
 garbage-first heap   total 21504K, used 13944K [0x00000000c1c00000, 0x0000000100000000)
  region size 1024K, 3 young (3072K), 1 survivors (1024K)
 Metaspace       used 9244K, capacity 11633K, committed 11904K, reserved 1060864K
  class space    used 1073K, capacity 1355K, committed 1408K, reserved 1048576K
}
Event: 2.640 GC heap after
{Heap after GC invocations=25 (full 0):
 garbage-first heap   total 21504K, used 12427K [0x00000000c1c00000, 0x0000000100000000)
  region size 1024K, 1 young (1024K), 1 survivors (1024K)
 Metaspace       used 9244K, capacity 11633K, committed 11904K, reserved 1060864K
  class space    used 1073K, capacity 1355K, committed 1408K, reserved 1048576K
}
Event: 2.791 GC heap before
{Heap before GC invocations=26 (full 0):
 garbage-first heap   total 24576K, used 13451K [0x00000000c1c00000, 0x0000000100000000)
  region size 1024K, 3 young (3072K), 1 survivors (1024K)
 Metaspace       used 9244K, capacity 11633K, committed 11904K, reserved 1060864K
  class space    used 1073K, capacity 1355K, committed 1408K, reserved 1048576K
}
Event: 2.793 GC heap after
{Heap after GC invocations=27 (full 0):
 garbage-first heap   total 24576K, used 13623K [0x00000000c1c00000, 0x0000000100000000)
  region size 1024K, 1 young (1024K), 1 survivors (1024K)
 Metaspace       used 9244K, capacity 11633K, committed 11904K, reserved 1060864K
  class space    used 1073K, capacity 1355K, committed 1408K, reserved 1048576K
}
Event: 2.805 GC heap before
{Heap before GC invocations=27 (full 0):
 garbage-first heap   total 24576K, used 15671K [0x00000000c1c00000, 0x0000000100000000)
  region size 1024K, 3 young (3072K), 1 survivors (1024K)
 Metaspace       used 9244K, capacity 11633K, committed 11904K, reserved 1060864K
  class space    used 1073K, capacity 1355K, committed 1408K, reserved 1048576K
}

