# JRE version: Java(TM) SE Runtime Environment (14.0.2+12) (build 14.0.2+12-46)
# Java VM: Java HotSpot(TM) 64-Bit Server VM (14.0.2+12-46, mixed mode, sharing, tiered, compressed oops, g1 gc, windows-amd64)
Heap:
 garbage-first heap   total 28672K, used 17552K [0x00000000c1c00000, 0x0000000100000000)
  region size 1024K, 6 young (6144K), 1 survivors (1024K)
 Metaspace       used 9302K, capacity 11648K, committed 11904K, reserved 1060864K
  class space    used 1078K, capacity 1360K, committed 1408K, reserved 1048576K
GC Heap History (20 events):
Event: 1.329 GC heap before
{Heap before GC invocations=10 (full 0):
 garbage-first heap   total 8192K, used 5007K [0x00000000c1c00000, 0x0000000100000000)
  region size 1024K, 2 young (2048K), 1 survivors (1024K)
 Metaspace       used 7513K, capacity 10502K, committed 10752K, reserved 1058816K
  class space    used 913K, capacity 1212K, committed 1280K, reserved 1048576K
}
Event: 1.330 GC heap after
{Heap after GC invocations=11 (full 0):
 garbage-first heap   total 10240K, used 4834K [0x00000000c1c00000, 0x0000000100000000)
  region size 1024K, 1 young (1024K), 1 survivors (1024K)
 Metaspace       used 7513K, capacity 10502K, committed 10752K, reserved 1058816K
  class space    used 913K, capacity 1212K, committed 1280K, reserved 1048576K
}
Event: 1.346 GC heap before
{Heap before GC invocations=11 (full 0):
 garbage-first heap   total 10240K, used 4834K [0x00000000c1c00000, 0x0000000100000000)
  region size 1024K, 2 young (2048K), 1 survivors (1024K)
 Metaspace       used 7518K, capacity 10502K, committed 10752K, reserved 1058816K
  class space    used 913K, capacity 1212K, committed 1280K, reserved 1048576K
}
Event: 1.347 GC heap after
{Heap after GC invocations=12 (full 0):
 garbage-first heap   total 10240K, used 5549K [0x00000000c1c00000, 0x0000000100000000)
  region size 1024K, 1 young (1024K), 1 survivors (1024K)
 Metaspace       used 7518K, capacity 10502K, committed 10752K, reserved 1058816K
  class space    used 913K, capacity 1212K, committed 1280K, reserved 1048576K
}
Event: 1.412 GC heap before
{Heap before GC invocations=13 (full 0):
 garbage-first heap   total 14336K, used 7597K [0x00000000c1c00000, 0x0000000100000000)
  region size 1024K, 2 young (2048K), 1 survivors (1024K)
 Metaspace       used 8016K, capacity 10997K, committed 11264K, reserved 1058816K
  class space    used 947K, capacity 1249K, committed 1280K, reserved 1048576K
}
Event: 1.414 GC heap after
{Heap after GC invocations=14 (full 0):
 garbage-first heap   total 14336K, used 7368K [0x00000000c1c00000, 0x0000000100000000)
  region size 1024K, 1 young (1024K), 1 survivors (1024K)
 Metaspace       used 8016K, capacity 10997K, committed 11264K, reserved 1058816K
  class space    used 947K, capacity 1249K, committed 1280K, reserved 1048576K
}
Event: 1.511 GC heap before
{Heap before GC invocations=14 (full 0):
 garbage-first heap   total 14336K, used 8392K [0x00000000c1c00000, 0x0000000100000000)
  region size 1024K, 2 young (2048K), 1 survivors (1024K)
 Metaspace       used 8327K, capacity 11152K, committed 11264K, reserved 1058816K
  class space    used 970K, capacity 1258K, committed 1280K, reserved 1048576K
}
Event: 1.513 GC heap after
{Heap after GC invocations=15 (full 0):
 garbage-first heap   total 14336K, used 7578K [0x00000000c1c00000, 0x0000000100000000)
  region size 1024K, 1 young (1024K), 1 survivors (1024K)
 Metaspace       used 8327K, capacity 11152K, committed 11264K, reserved 1058816K
  class space    used 970K, capacity 1258K, committed 1280K, reserved 1048576K
}
Event: 1.601 GC heap before
{Heap before GC invocations=16 (full 0):
 garbage-first heap   total 17408K, used 8602K [0x00000000c1c00000, 0x0000000100000000)
  region size 1024K, 2 young (2048K), 1 survivors (1024K)
 Metaspace       used 8561K, capacity 11361K, committed 11648K, reserved 1058816K
  class space    used 994K, capacity 1307K, committed 1408K, reserved 1048576K
}
Event: 1.604 GC heap after
{Heap after GC invocations=17 (full 0):
 garbage-first heap   total 21504K, used 8059K [0x00000000c1c00000, 0x0000000100000000)
  region size 1024K, 1 young (1024K), 1 survivors (1024K)
 Metaspace       used 8561K, capacity 11361K, committed 11648K, reserved 1058816K
  class space    used 994K, capacity 1307K, committed 1408K, reserved 1048576K
}
Event: 1.794 GC heap before
{Heap before GC invocations=17 (full 0):
 garbage-first heap   total 21504K, used 11131K [0x00000000c1c00000, 0x0000000100000000)
  region size 1024K, 4 young (4096K), 1 survivors (1024K)
 Metaspace       used 9200K, capacity 11634K, committed 11904K, reserved 1060864K
  class space    used 1072K, capacity 1355K, committed 1408K, reserved 1048576K
}
Event: 1.799 GC heap after
{Heap after GC invocations=18 (full 0):
 garbage-first heap   total 21504K, used 9298K [0x00000000c1c00000, 0x0000000100000000)
  region size 1024K, 1 young (1024K), 1 survivors (1024K)
 Metaspace       used 9200K, capacity 11634K, committed 11904K, reserved 1060864K
  class space    used 1072K, capacity 1355K, committed 1408K, reserved 1048576K
}
Event: 1.827 GC heap before
{Heap before GC invocations=18 (full 0):
 garbage-first heap   total 21504K, used 11346K [0x00000000c1c00000, 0x0000000100000000)
  region size 1024K, 4 young (4096K), 1 survivors (1024K)
 Metaspace       used 9219K, capacity 11634K, committed 11904K, reserved 1060864K
  class space    used 1072K, capacity 1355K, committed 1408K, reserved 1048576K
}
Event: 1.829 GC heap after
{Heap after GC invocations=19 (full 0):
 garbage-first heap   total 21504K, used 9795K [0x00000000c1c00000, 0x0000000100000000)
  region size 1024K, 1 young (1024K), 1 survivors (1024K)
 Metaspace       used 9219K, capacity 11634K, committed 11904K, reserved 1060864K
  class space    used 1072K, capacity 1355K, committed 1408K, reserved 1048576K
}
Event: 1.919 GC heap before
{Heap before GC invocations=19 (full 0):
 garbage-first heap   total 21504K, used 12867K [0x00000000c1c00000, 0x0000000100000000)
  region size 1024K, 4 young (4096K), 1 survivors (1024K)
 Metaspace       used 9241K, capacity 11634K, committed 11904K, reserved 1060864K
  class space    used 1072K, capacity 1355K, committed 1408K, reserved 1048576K
}
Event: 1.921 GC heap after
{Heap after GC invocations=20 (full 0):
 garbage-first heap   total 21504K, used 10843K [0x00000000c1c00000, 0x0000000100000000)
  region size 1024K, 1 young (1024K), 1 survivors (1024K)
 Metaspace       used 9241K, capacity 11634K, committed 11904K, reserved 1060864K
  class space    used 1072K, capacity 1355K, committed 1408K, reserved 1048576K
}
Event: 1.983 GC heap before
{Heap before GC invocations=21 (full 0):
 garbage-first heap   total 21504K, used 12891K [0x00000000c1c00000, 0x0000000100000000)
  region size 1024K, 4 young (4096K), 1 survivors (1024K)
 Metaspace       used 9257K, capacity 11634K, committed 11904K, reserved 1060864K
  class space    used 1072K, capacity 1355K, committed 1408K, reserved 1048576K
}
Event: 1.986 GC heap after
{Heap after GC invocations=22 (full 0):
 garbage-first heap   total 28672K, used 12088K [0x00000000c1c00000, 0x0000000100000000)
  region size 1024K, 1 young (1024K), 1 survivors (1024K)
 Metaspace       used 9257K, capacity 11634K, committed 11904K, reserved 1060864K
  class space    used 1072K, capacity 1355K, committed 1408K, reserved 1048576K
}
Event: 2.069 GC heap before
{Heap before GC invocations=22 (full 0):
 garbage-first heap   total 28672K, used 17208K [0x00000000c1c00000, 0x0000000100000000)
  region size 1024K, 7 young (7168K), 1 survivors (1024K)
 Metaspace       used 9261K, capacity 11634K, committed 11904K, reserved 1060864K
  class space    used 1073K, capacity 1355K, committed 1408K, reserved 1048576K
}
Event: 2.072 GC heap after
{Heap after GC invocations=23 (full 0):
 garbage-first heap   total 28672K, used 13456K [0x00000000c1c00000, 0x0000000100000000)
  region size 1024K, 1 young (1024K), 1 survivors (1024K)
 Metaspace       used 9261K, capacity 11634K, committed 11904K, reserved 1060864K
  class space    used 1073K, capacity 1355K, committed 1408K, reserved 1048576K
}

