# JRE version: Java(TM) SE Runtime Environment (14.0.2+12) (build 14.0.2+12-46)
# Java VM: Java HotSpot(TM) 64-Bit Server VM (14.0.2+12-46, mixed mode, sharing, tiered, compressed oops, g1 gc, windows-amd64)
Heap:
 garbage-first heap   total 8192K, used 2206K [0x00000000c1c00000, 0x0000000100000000)
  region size 1024K, 3 young (3072K), 1 survivors (1024K)
 Metaspace       used 5054K, capacity 8197K, committed 8448K, reserved 1060864K
  class space    used 626K, capacity 952K, committed 1024K, reserved 1048576K
GC Heap History (14 events):
Event: 0.788 GC heap before
{Heap before GC invocations=0 (full 0):
 garbage-first heap   total 8192K, used 3072K [0x00000000c1c00000, 0x0000000100000000)
  region size 1024K, 3 young (3072K), 0 survivors (0K)
 Metaspace       used 2471K, capacity 5984K, committed 6016K, reserved 1056768K
  class space    used 287K, capacity 638K, committed 640K, reserved 1048576K
}
Event: 0.803 GC heap after
{Heap after GC invocations=1 (full 0):
 garbage-first heap   total 8192K, used 1124K [0x00000000c1c00000, 0x0000000100000000)
  region size 1024K, 1 young (1024K), 1 survivors (1024K)
 Metaspace       used 2471K, capacity 5984K, committed 6016K, reserved 1056768K
  class space    used 287K, capacity 638K, committed 640K, reserved 1048576K
}
Event: 0.808 GC heap before
{Heap before GC invocations=1 (full 0):
 garbage-first heap   total 8192K, used 1124K [0x00000000c1c00000, 0x0000000100000000)
  region size 1024K, 2 young (2048K), 1 survivors (1024K)
 Metaspace       used 2474K, capacity 5984K, committed 6016K, reserved 1056768K
  class space    used 287K, capacity 638K, committed 640K, reserved 1048576K
}
Event: 0.810 GC heap after
{Heap after GC invocations=2 (full 0):
 garbage-first heap   total 8192K, used 1312K [0x00000000c1c00000, 0x0000000100000000)
  region size 1024K, 1 young (1024K), 1 survivors (1024K)
 Metaspace       used 2474K, capacity 5984K, committed 6016K, reserved 1056768K
  class space    used 287K, capacity 638K, committed 640K, reserved 1048576K
}
Event: 0.811 GC heap before
{Heap before GC invocations=2 (full 0):
 garbage-first heap   total 8192K, used 1312K [0x00000000c1c00000, 0x0000000100000000)
  region size 1024K, 2 young (2048K), 1 survivors (1024K)
 Metaspace       used 2474K, capacity 5984K, committed 6016K, reserved 1056768K
  class space    used 287K, capacity 638K, committed 640K, reserved 1048576K
}
Event: 0.811 GC heap after
{Heap after GC invocations=3 (full 0):
 garbage-first heap   total 8192K, used 1233K [0x00000000c1c00000, 0x0000000100000000)
  region size 1024K, 1 young (1024K), 1 survivors (1024K)
 Metaspace       used 2474K, capacity 5984K, committed 6016K, reserved 1056768K
  class space    used 287K, capacity 638K, committed 640K, reserved 1048576K
}
Event: 0.837 GC heap before
{Heap before GC invocations=3 (full 0):
 garbage-first heap   total 8192K, used 2257K [0x00000000c1c00000, 0x0000000100000000)
  region size 1024K, 2 young (2048K), 1 survivors (1024K)
 Metaspace       used 2505K, capacity 5984K, committed 6016K, reserved 1056768K
  class space    used 287K, capacity 638K, committed 640K, reserved 1048576K
}
Event: 0.838 GC heap after
{Heap after GC invocations=4 (full 0):
 garbage-first heap   total 8192K, used 1162K [0x00000000c1c00000, 0x0000000100000000)
  region size 1024K, 1 young (1024K), 1 survivors (1024K)
 Metaspace       used 2505K, capacity 5984K, committed 6016K, reserved 1056768K
  class space    used 287K, capacity 638K, committed 640K, reserved 1048576K
}
Event: 0.878 GC heap before
{Heap before GC invocations=4 (full 0):
 garbage-first heap   total 8192K, used 2186K [0x00000000c1c00000, 0x0000000100000000)
  region size 1024K, 3 young (3072K), 1 survivors (1024K)
 Metaspace       used 2517K, capacity 5985K, committed 6016K, reserved 1056768K
  class space    used 287K, capacity 638K, committed 640K, reserved 1048576K
}
Event: 0.878 GC heap after
{Heap after GC invocations=5 (full 0):
 garbage-first heap   total 8192K, used 1591K [0x00000000c1c00000, 0x0000000100000000)
  region size 1024K, 1 young (1024K), 1 survivors (1024K)
 Metaspace       used 2517K, capacity 5985K, committed 6016K, reserved 1056768K
  class space    used 287K, capacity 638K, committed 640K, reserved 1048576K
}
Event: 0.945 GC heap before
{Heap before GC invocations=5 (full 0):
 garbage-first heap   total 8192K, used 3639K [0x00000000c1c00000, 0x0000000100000000)
  region size 1024K, 3 young (3072K), 1 survivors (1024K)
 Metaspace       used 2539K, capacity 5985K, committed 6016K, reserved 1056768K
  class space    used 288K, capacity 638K, committed 640K, reserved 1048576K
}
Event: 0.945 GC heap after
{Heap after GC invocations=6 (full 0):
 garbage-first heap   total 8192K, used 2180K [0x00000000c1c00000, 0x0000000100000000)
  region size 1024K, 1 young (1024K), 1 survivors (1024K)
 Metaspace       used 2539K, capacity 5985K, committed 6016K, reserved 1056768K
  class space    used 288K, capacity 638K, committed 640K, reserved 1048576K
}
Event: 1.010 GC heap before
{Heap before GC invocations=6 (full 0):
 garbage-first heap   total 8192K, used 3204K [0x00000000c1c00000, 0x0000000100000000)
  region size 1024K, 2 young (2048K), 1 survivors (1024K)
 Metaspace       used 2563K, capacity 5986K, committed 6016K, reserved 1056768K
  class space    used 288K, capacity 638K, committed 640K, reserved 1048576K
}
Event: 1.011 GC heap after
{Heap after GC invocations=7 (full 0):
 garbage-first heap   total 8192K, used 1182K [0x00000000c1c00000, 0x0000000100000000)
  region size 1024K, 1 young (1024K), 1 survivors (1024K)
 Metaspace       used 2563K, capacity 5986K, committed 6016K, reserved 1056768K
  class space    used 288K, capacity 638K, committed 640K, reserved 1048576K
}

