# JRE version: Java(TM) SE Runtime Environment (14.0.2+12) (build 14.0.2+12-46)
# Java VM: Java HotSpot(TM) 64-Bit Server VM (14.0.2+12-46, mixed mode, sharing, tiered, compressed oops, g1 gc, windows-amd64)
Heap:
 garbage-first heap   total 10240K, used 3952K [0x00000000c1c00000, 0x0000000100000000)
  region size 1024K, 1 young (1024K), 1 survivors (1024K)
 Metaspace       used 7505K, capacity 10502K, committed 10752K, reserved 1060864K
  class space    used 913K, capacity 1212K, committed 1280K, reserved 1048576K
GC Heap History (19 events):
Event: 0.640 GC heap before
{Heap before GC invocations=0 (full 0):
 garbage-first heap   total 8192K, used 3072K [0x00000000c1c00000, 0x0000000100000000)
  region size 1024K, 3 young (3072K), 0 survivors (0K)
 Metaspace       used 2456K, capacity 5984K, committed 6016K, reserved 1056768K
  class space    used 287K, capacity 638K, committed 640K, reserved 1048576K
}
Event: 0.644 GC heap after
{Heap after GC invocations=1 (full 0):
 garbage-first heap   total 8192K, used 1126K [0x00000000c1c00000, 0x0000000100000000)
  region size 1024K, 1 young (1024K), 1 survivors (1024K)
 Metaspace       used 2456K, capacity 5984K, committed 6016K, reserved 1056768K
  class space    used 287K, capacity 638K, committed 640K, reserved 1048576K
}
Event: 0.650 GC heap before
{Heap before GC invocations=1 (full 0):
 garbage-first heap   total 8192K, used 1126K [0x00000000c1c00000, 0x0000000100000000)
  region size 1024K, 2 young (2048K), 1 survivors (1024K)
 Metaspace       used 2460K, capacity 5984K, committed 6016K, reserved 1056768K
  class space    used 287K, capacity 638K, committed 640K, reserved 1048576K
}
Event: 0.653 GC heap after
{Heap after GC invocations=2 (full 0):
 garbage-first heap   total 8192K, used 1316K [0x00000000c1c00000, 0x0000000100000000)
  region size 1024K, 1 young (1024K), 1 survivors (1024K)
 Metaspace       used 2460K, capacity 5984K, committed 6016K, reserved 1056768K
  class space    used 287K, capacity 638K, committed 640K, reserved 1048576K
}
Event: 0.654 GC heap before
{Heap before GC invocations=2 (full 0):
 garbage-first heap   total 8192K, used 1316K [0x00000000c1c00000, 0x0000000100000000)
  region size 1024K, 2 young (2048K), 1 survivors (1024K)
 Metaspace       used 2460K, capacity 5984K, committed 6016K, reserved 1056768K
  class space    used 287K, capacity 638K, committed 640K, reserved 1048576K
}
Event: 0.654 GC heap after
{Heap after GC invocations=3 (full 0):
 garbage-first heap   total 8192K, used 1241K [0x00000000c1c00000, 0x0000000100000000)
  region size 1024K, 1 young (1024K), 1 survivors (1024K)
 Metaspace       used 2460K, capacity 5984K, committed 6016K, reserved 1056768K
  class space    used 287K, capacity 638K, committed 640K, reserved 1048576K
}
Event: 0.687 GC heap before
{Heap before GC invocations=3 (full 0):
 garbage-first heap   total 8192K, used 2265K [0x00000000c1c00000, 0x0000000100000000)
  region size 1024K, 2 young (2048K), 1 survivors (1024K)
 Metaspace       used 2490K, capacity 5984K, committed 6016K, reserved 1056768K
  class space    used 287K, capacity 638K, committed 640K, reserved 1048576K
}
Event: 0.688 GC heap after
{Heap after GC invocations=4 (full 0):
 garbage-first heap   total 8192K, used 1151K [0x00000000c1c00000, 0x0000000100000000)
  region size 1024K, 1 young (1024K), 1 survivors (1024K)
 Metaspace       used 2490K, capacity 5984K, committed 6016K, reserved 1056768K
  class space    used 287K, capacity 638K, committed 640K, reserved 1048576K
}
Event: 0.734 GC heap before
{Heap before GC invocations=4 (full 0):
 garbage-first heap   total 8192K, used 3199K [0x00000000c1c00000, 0x0000000100000000)
  region size 1024K, 3 young (3072K), 1 survivors (1024K)
 Metaspace       used 2499K, capacity 5985K, committed 6016K, reserved 1056768K
  class space    used 287K, capacity 638K, committed 640K, reserved 1048576K
}
Event: 0.734 GC heap after
{Heap after GC invocations=5 (full 0):
 garbage-first heap   total 8192K, used 1605K [0x00000000c1c00000, 0x0000000100000000)
  region size 1024K, 1 young (1024K), 1 survivors (1024K)
 Metaspace       used 2499K, capacity 5985K, committed 6016K, reserved 1056768K
  class space    used 287K, capacity 638K, committed 640K, reserved 1048576K
}
Event: 0.807 GC heap before
{Heap before GC invocations=5 (full 0):
 garbage-first heap   total 8192K, used 3653K [0x00000000c1c00000, 0x0000000100000000)
  region size 1024K, 3 young (3072K), 1 survivors (1024K)
 Metaspace       used 2524K, capacity 5985K, committed 6016K, reserved 1056768K
  class space    used 288K, capacity 638K, committed 640K, reserved 1048576K
}
Event: 0.807 GC heap after
{Heap after GC invocations=6 (full 0):
 garbage-first heap   total 8192K, used 2186K [0x00000000c1c00000, 0x0000000100000000)
  region size 1024K, 1 young (1024K), 1 survivors (1024K)
 Metaspace       used 2524K, capacity 5985K, committed 6016K, reserved 1056768K
  class space    used 288K, capacity 638K, committed 640K, reserved 1048576K
}
Event: 0.856 GC heap before
{Heap before GC invocations=6 (full 0):
 garbage-first heap   total 8192K, used 3210K [0x00000000c1c00000, 0x0000000100000000)
  region size 1024K, 2 young (2048K), 1 survivors (1024K)
 Metaspace       used 2549K, capacity 5986K, committed 6016K, reserved 1056768K
  class space    used 288K, capacity 638K, committed 640K, reserved 1048576K
}
Event: 0.856 GC heap after
{Heap after GC invocations=7 (full 0):
 garbage-first heap   total 8192K, used 1188K [0x00000000c1c00000, 0x0000000100000000)
  region size 1024K, 1 young (1024K), 1 survivors (1024K)
 Metaspace       used 2549K, capacity 5986K, committed 6016K, reserved 1056768K
  class space    used 288K, capacity 638K, committed 640K, reserved 1048576K
}
Event: 1.243 GC heap before
{Heap before GC invocations=7 (full 0):
 garbage-first heap   total 8192K, used 3236K [0x00000000c1c00000, 0x0000000100000000)
  region size 1024K, 3 young (3072K), 1 survivors (1024K)
 Metaspace       used 5595K, capacity 8749K, committed 8960K, reserved 1056768K
  class space    used 687K, capacity 987K, committed 1024K, reserved 1048576K
}
Event: 1.245 GC heap after
{Heap after GC invocations=8 (full 0):
 garbage-first heap   total 8192K, used 2023K [0x00000000c1c00000, 0x0000000100000000)
  region size 1024K, 1 young (1024K), 1 survivors (1024K)
 Metaspace       used 5595K, capacity 8749K, committed 8960K, reserved 1056768K
  class space    used 687K, capacity 987K, committed 1024K, reserved 1048576K
}
Event: 1.485 GC heap before
{Heap before GC invocations=8 (full 0):
 garbage-first heap   total 8192K, used 4071K [0x00000000c1c00000, 0x0000000100000000)
  region size 1024K, 3 young (3072K), 1 survivors (1024K)
 Metaspace       used 7501K, capacity 10502K, committed 10752K, reserved 1060864K
  class space    used 913K, capacity 1212K, committed 1280K, reserved 1048576K
}
Event: 1.488 GC heap after
{Heap after GC invocations=9 (full 0):
 garbage-first heap   total 8192K, used 3042K [0x00000000c1c00000, 0x0000000100000000)
  region size 1024K, 1 young (1024K), 1 survivors (1024K)
 Metaspace       used 7501K, capacity 10502K, committed 10752K, reserved 1060864K
  class space    used 913K, capacity 1212K, committed 1280K, reserved 1048576K
}
Event: 1.508 GC heap before
{Heap before GC invocations=9 (full 0):
 garbage-first heap   total 8192K, used 3042K [0x00000000c1c00000, 0x0000000100000000)
  region size 1024K, 2 young (2048K), 1 survivors (1024K)
 Metaspace       used 7505K, capacity 10502K, committed 10752K, reserved 1060864K
  class space    used 913K, capacity 1212K, committed 1280K, reserved 1048576K
}

