# JRE version: Java(TM) SE Runtime Environment (14.0.2+12) (build 14.0.2+12-46)
# Java VM: Java HotSpot(TM) 64-Bit Server VM (14.0.2+12-46, mixed mode, sharing, tiered, compressed oops, g1 gc, windows-amd64)
Heap:
 garbage-first heap   total 34816K, used 18693K [0x00000000c1c00000, 0x0000000100000000)
  region size 1024K, 4 young (4096K), 1 survivors (1024K)
 Metaspace       used 9198K, capacity 11581K, committed 11648K, reserved 1058816K
  class space    used 1078K, capacity 1360K, committed 1408K, reserved 1048576K
GC Heap History (20 events):
Event: 1.292 GC heap before
{Heap before GC invocations=10 (full 0):
 garbage-first heap   total 10240K, used 5620K [0x00000000c1c00000, 0x0000000100000000)
  region size 1024K, 2 young (2048K), 1 survivors (1024K)
 Metaspace       used 7503K, capacity 10502K, committed 10752K, reserved 1058816K
  class space    used 913K, capacity 1212K, committed 1280K, reserved 1048576K
}
Event: 1.293 GC heap after
{Heap after GC invocations=11 (full 0):
 garbage-first heap   total 10240K, used 5573K [0x00000000c1c00000, 0x0000000100000000)
  region size 1024K, 1 young (1024K), 1 survivors (1024K)
 Metaspace       used 7503K, capacity 10502K, committed 10752K, reserved 1058816K
  class space    used 913K, capacity 1212K, committed 1280K, reserved 1048576K
}
Event: 1.354 GC heap before
{Heap before GC invocations=12 (full 0):
 garbage-first heap   total 15360K, used 7621K [0x00000000c1c00000, 0x0000000100000000)
  region size 1024K, 2 young (2048K), 1 survivors (1024K)
 Metaspace       used 7975K, capacity 10933K, committed 11008K, reserved 1058816K
  class space    used 947K, capacity 1249K, committed 1280K, reserved 1048576K
}
Event: 1.356 GC heap after
{Heap after GC invocations=13 (full 0):
 garbage-first heap   total 15360K, used 7305K [0x00000000c1c00000, 0x0000000100000000)
  region size 1024K, 1 young (1024K), 1 survivors (1024K)
 Metaspace       used 7975K, capacity 10933K, committed 11008K, reserved 1058816K
  class space    used 947K, capacity 1249K, committed 1280K, reserved 1048576K
}
Event: 1.405 GC heap before
{Heap before GC invocations=13 (full 0):
 garbage-first heap   total 15360K, used 8329K [0x00000000c1c00000, 0x0000000100000000)
  region size 1024K, 2 young (2048K), 1 survivors (1024K)
 Metaspace       used 8244K, capacity 11088K, committed 11264K, reserved 1058816K
  class space    used 970K, capacity 1258K, committed 1280K, reserved 1048576K
}
Event: 1.407 GC heap after
{Heap after GC invocations=14 (full 0):
 garbage-first heap   total 15360K, used 7521K [0x00000000c1c00000, 0x0000000100000000)
  region size 1024K, 1 young (1024K), 1 survivors (1024K)
 Metaspace       used 8244K, capacity 11088K, committed 11264K, reserved 1058816K
  class space    used 970K, capacity 1258K, committed 1280K, reserved 1048576K
}
Event: 1.458 GC heap before
{Heap before GC invocations=15 (full 0):
 garbage-first heap   total 17408K, used 8545K [0x00000000c1c00000, 0x0000000100000000)
  region size 1024K, 2 young (2048K), 1 survivors (1024K)
 Metaspace       used 8451K, capacity 11232K, committed 11392K, reserved 1058816K
  class space    used 994K, capacity 1307K, committed 1408K, reserved 1048576K
}
Event: 1.460 GC heap after
{Heap after GC invocations=16 (full 0):
 garbage-first heap   total 21504K, used 7986K [0x00000000c1c00000, 0x0000000100000000)
  region size 1024K, 1 young (1024K), 1 survivors (1024K)
 Metaspace       used 8451K, capacity 11232K, committed 11392K, reserved 1058816K
  class space    used 994K, capacity 1307K, committed 1408K, reserved 1048576K
}
Event: 1.658 GC heap before
{Heap before GC invocations=16 (full 0):
 garbage-first heap   total 21504K, used 10034K [0x00000000c1c00000, 0x0000000100000000)
  region size 1024K, 4 young (4096K), 1 survivors (1024K)
 Metaspace       used 9100K, capacity 11567K, committed 11648K, reserved 1058816K
  class space    used 1072K, capacity 1355K, committed 1408K, reserved 1048576K
}
Event: 1.663 GC heap after
{Heap after GC invocations=17 (full 0):
 garbage-first heap   total 21504K, used 9221K [0x00000000c1c00000, 0x0000000100000000)
  region size 1024K, 1 young (1024K), 1 survivors (1024K)
 Metaspace       used 9100K, capacity 11567K, committed 11648K, reserved 1058816K
  class space    used 1072K, capacity 1355K, committed 1408K, reserved 1048576K
}
Event: 1.692 GC heap before
{Heap before GC invocations=17 (full 0):
 garbage-first heap   total 21504K, used 11269K [0x00000000c1c00000, 0x0000000100000000)
  region size 1024K, 4 young (4096K), 1 survivors (1024K)
 Metaspace       used 9117K, capacity 11567K, committed 11648K, reserved 1058816K
  class space    used 1072K, capacity 1355K, committed 1408K, reserved 1048576K
}
Event: 1.694 GC heap after
{Heap after GC invocations=18 (full 0):
 garbage-first heap   total 21504K, used 9658K [0x00000000c1c00000, 0x0000000100000000)
  region size 1024K, 1 young (1024K), 1 survivors (1024K)
 Metaspace       used 9117K, capacity 11567K, committed 11648K, reserved 1058816K
  class space    used 1072K, capacity 1355K, committed 1408K, reserved 1048576K
}
Event: 1.805 GC heap before
{Heap before GC invocations=18 (full 0):
 garbage-first heap   total 21504K, used 12730K [0x00000000c1c00000, 0x0000000100000000)
  region size 1024K, 4 young (4096K), 1 survivors (1024K)
 Metaspace       used 9144K, capacity 11567K, committed 11648K, reserved 1058816K
  class space    used 1073K, capacity 1355K, committed 1408K, reserved 1048576K
}
Event: 1.806 GC heap after
{Heap after GC invocations=19 (full 0):
 garbage-first heap   total 21504K, used 10690K [0x00000000c1c00000, 0x0000000100000000)
  region size 1024K, 1 young (1024K), 1 survivors (1024K)
 Metaspace       used 9144K, capacity 11567K, committed 11648K, reserved 1058816K
  class space    used 1073K, capacity 1355K, committed 1408K, reserved 1048576K
}
Event: 1.934 GC heap before
{Heap before GC invocations=20 (full 0):
 garbage-first heap   total 21504K, used 12738K [0x00000000c1c00000, 0x0000000100000000)
  region size 1024K, 4 young (4096K), 1 survivors (1024K)
 Metaspace       used 9151K, capacity 11567K, committed 11648K, reserved 1058816K
  class space    used 1073K, capacity 1355K, committed 1408K, reserved 1048576K
}
Event: 1.937 GC heap after
{Heap after GC invocations=21 (full 0):
 garbage-first heap   total 26624K, used 11927K [0x00000000c1c00000, 0x0000000100000000)
  region size 1024K, 1 young (1024K), 1 survivors (1024K)
 Metaspace       used 9151K, capacity 11567K, committed 11648K, reserved 1058816K
  class space    used 1073K, capacity 1355K, committed 1408K, reserved 1048576K
}
Event: 2.033 GC heap before
{Heap before GC invocations=21 (full 0):
 garbage-first heap   total 26624K, used 16023K [0x00000000c1c00000, 0x0000000100000000)
  region size 1024K, 6 young (6144K), 1 survivors (1024K)
 Metaspace       used 9152K, capacity 11567K, committed 11648K, reserved 1058816K
  class space    used 1073K, capacity 1355K, committed 1408K, reserved 1048576K
}
Event: 2.036 GC heap after
{Heap after GC invocations=22 (full 0):
 garbage-first heap   total 26624K, used 13386K [0x00000000c1c00000, 0x0000000100000000)
  region size 1024K, 1 young (1024K), 1 survivors (1024K)
 Metaspace       used 9152K, capacity 11567K, committed 11648K, reserved 1058816K
  class space    used 1073K, capacity 1355K, committed 1408K, reserved 1048576K
}
Event: 2.204 GC heap before
{Heap before GC invocations=22 (full 0):
 garbage-first heap   total 26624K, used 18506K [0x00000000c1c00000, 0x0000000100000000)
  region size 1024K, 6 young (6144K), 1 survivors (1024K)
 Metaspace       used 9197K, capacity 11581K, committed 11648K, reserved 1058816K
  class space    used 1078K, capacity 1360K, committed 1408K, reserved 1048576K
}
Event: 2.208 GC heap after
{Heap after GC invocations=23 (full 0):
 garbage-first heap   total 26624K, used 14402K [0x00000000c1c00000, 0x0000000100000000)
  region size 1024K, 1 young (1024K), 1 survivors (1024K)
 Metaspace       used 9197K, capacity 11581K, committed 11648K, reserved 1058816K
  class space    used 1078K, capacity 1360K, committed 1408K, reserved 1048576K
}

